<?xml version="1.0" encoding="UTF-8"?>
<testng-results ignored="0" total="1" passed="1" failed="0" skipped="0">
  <reporter-output>
  </reporter-output>
  <suite started-at="2023-09-19T16:02:11 IST" name="Default suite" finished-at="2023-09-19T16:02:30 IST" duration-ms="18917">
    <groups>
    </groups>
    <test started-at="2023-09-19T16:02:11 IST" name="Default test" finished-at="2023-09-19T16:02:30 IST" duration-ms="18917">
      <class name="testcases.VerifyAddToCartFuntionality">
        <test-method is-config="true" signature="setUp(java.lang.reflect.Method)[pri:0, instance:testcases.VerifyAddToCartFuntionality@4763c727]" started-at="2023-09-19T16:02:11 IST" name="setUp" finished-at="2023-09-19T16:02:27 IST" duration-ms="15485" status="PASS">
          <params>
            <param index="0">
              <value>
                <![CDATA[public void testcases.VerifyAddToCartFuntionality.AddToCart()]]>
              </value>
            </param>
          </params>
          <reporter-output>
          </reporter-output>
        </test-method> <!-- setUp -->
        <test-method signature="AddToCart()[pri:0, instance:testcases.VerifyAddToCartFuntionality@4763c727]" started-at="2023-09-19T16:02:27 IST" name="AddToCart" finished-at="2023-09-19T16:02:28 IST" duration-ms="1248" status="PASS">
          <reporter-output>
          </reporter-output>
        </test-method> <!-- AddToCart -->
        <test-method is-config="true" signature="testStatus(org.testng.ITestResult)[pri:0, instance:testcases.VerifyAddToCartFuntionality@4763c727]" started-at="2023-09-19T16:02:28 IST" name="testStatus" finished-at="2023-09-19T16:02:30 IST" duration-ms="2115" status="PASS">
          <params>
            <param index="0">
              <value>
                <![CDATA[[TestResult name=AddToCart status=SUCCESS method=VerifyAddToCartFuntionality.AddToCart()[pri:0, instance:testcases.VerifyAddToCartFuntionality@4763c727] output={null}]]]>
              </value>
            </param>
          </params>
          <reporter-output>
          </reporter-output>
        </test-method> <!-- testStatus -->
      </class> <!-- testcases.VerifyAddToCartFuntionality -->
    </test> <!-- Default test -->
  </suite> <!-- Default suite -->
</testng-results>
